P1,1091653
P1,1121565
P1,121083
P1,1431701
P1,1473557
P1,1634103
P1,1743888
P1,1751652
P1,1816949
P1,189340
P1,1996386
P1,232846
P1,237591
P1,263559
P1,334282
P1,358636
P1,4837
P1,56782
P1,6514
P1,723813
P1,824130
P1,859305
P1,957930
P2,1018459
P2,1063758
P2,1134507
P2,1166250
P2,1550183
P2,1567985
P2,157344
P2,1630975
P2,1726678
P2,1885950
P2,1950275
P2,239337
P2,391230
P2,433177
P2,457819
P2,487924
P2,516023
P2,660863
P2,687936
P2,706969
P2,96321
P3,1005892
P3,1012679
P3,1029787
P3,1112155
P3,116491
P3,1467667
P3,1507706
P3,1567568
P3,1648227
P3,1674925
P3,1870544
P3,1937666
P3,1966802
P3,523657
P3,560841
P3,708515
P3,719381
P3,739968
P3,745837
P3,831934
P3,835172
P3,873660
P4,1076792
P4,1079643
P4,1122943
P4,1165154
P4,1347061
P4,1476813
P4,1646882
P4,1731832
P4,1759477
P4,1849236
P4,1867819
P4,1924679
P4,1932975
P4,262064
P4,348032
P4,360150
P4,414977
P4,436708
P4,52063
P4,527476
P4,562687
P4,669540
P4,687472
P5,1061996
P5,1077814
P5,11557
P5,1262169
P5,1272488
P5,1341712
P5,1356933
P5,139949
P5,1431594
P5,150357
P5,1561735
P5,1565792
P5,161213
P5,1696890
P5,1712153
P5,1934054
P5,464971
P5,533407
P5,747609
P5,841116
P5,882583
P5,884984
P5,959473
P6,1112401
P6,1204080
P6,1254438
P6,1356359
P6,155044
P6,1598715
P6,1599051
P6,1648568
P6,1668662
P6,1704170
P6,1757985
P6,1951528
P6,200730
P6,286517
P6,552573
P6,606951
P6,670735
P6,743600
P6,754914
P6,785740
P6,848739
P6,913093
P6,959618
P6,97262
P7,1223368
P7,1311812
P7,1349534
P7,1519803
P7,1543632
P7,1625528
P7,1701182
P7,1716337
P7,187987
P7,1911820
P7,1917631
P7,192335
P7,1975798
P7,23175
P7,267144
P7,31135
P7,463633
P7,587861
P7,615564
P7,66235
P7,731320
P7,997442
P8,1153775
P8,1160989
P8,1191927
P8,1235866
P8,1340850
P8,1347307
P8,1353593
P8,1360916
P8,1525311
P8,1642257
P8,1768412
P8,1810830
P8,1947849
P8,1953464
P8,218795
P8,275310
P8,405894
P8,429450
P8,507926
P8,622011
P8,721116
P8,97031
